<?xml version="1.0" encoding="UTF-8"?>
<!-- Generated by org.testng.reporters.JUnitXMLReporter -->
<testsuite ignored="0" hostname="DESKTOP-81QQKDK" failures="0" tests="9" name="Test" time="0.165" errors="0" timestamp="2023-09-05T15:50:54 IST">
  <testcase classname="Testng.BatchExecution" name="m1" time="0.022"/>
  <testcase classname="Testng.BatchExecution" name="m2" time="0.003"/>
  <testcase classname="Testng.BatchExecution" name="m3" time="0.002"/>
  <testcase classname="Testng.BatchExecution3" name="m7" time="0.003"/>
  <testcase classname="Testng.BatchExecution3" name="m8" time="0.002"/>
  <testcase classname="Testng.BatchExecution3" name="m9" time="0.012"/>
  <testcase classname="Testng.BatchExecution2" name="m4" time="0.001"/>
  <testcase classname="Testng.BatchExecution2" name="m5" time="0.002"/>
  <testcase classname="Testng.BatchExecution2" name="m6" time="0.002"/>
</testsuite> <!-- Test -->
