<?xml version="1.0" encoding="UTF-8"?>
<testng-results ignored="0" total="3" passed="3" failed="0" skipped="0">
  <reporter-output>
    <line>
      <![CDATA[i belong to group A]]>
    </line>
    <line>
      <![CDATA[i belong to group A and group B]]>
    </line>
    <line>
      <![CDATA[i belong to group B]]>
    </line>
  </reporter-output>
  <suite started-at="2023-09-06T12:14:09 IST" name="Default suite" finished-at="2023-09-06T12:14:09 IST" duration-ms="143">
    <groups>
      <group name="group B">
        <method signature="Grouptestng.m2()[pri:0, instance:Testng.Grouptestng@402bba4f]" name="m2" class="Testng.Grouptestng"/>
        <method signature="Grouptestng.m3()[pri:0, instance:Testng.Grouptestng@402bba4f]" name="m3" class="Testng.Grouptestng"/>
      </group> <!-- group B -->
      <group name="group A">
        <method signature="Grouptestng.m1()[pri:0, instance:Testng.Grouptestng@402bba4f]" name="m1" class="Testng.Grouptestng"/>
        <method signature="Grouptestng.m2()[pri:0, instance:Testng.Grouptestng@402bba4f]" name="m2" class="Testng.Grouptestng"/>
      </group> <!-- group A -->
    </groups>
    <test started-at="2023-09-06T12:14:09 IST" name="Default test" finished-at="2023-09-06T12:14:09 IST" duration-ms="143">
      <class name="Testng.Grouptestng">
        <test-method signature="m1()[pri:0, instance:Testng.Grouptestng@402bba4f]" started-at="2023-09-06T12:14:09 IST" name="m1" finished-at="2023-09-06T12:14:09 IST" duration-ms="23" status="PASS">
          <reporter-output>
            <line>
              <![CDATA[i belong to group A]]>
            </line>
          </reporter-output>
        </test-method> <!-- m1 -->
        <test-method signature="m2()[pri:0, instance:Testng.Grouptestng@402bba4f]" started-at="2023-09-06T12:14:09 IST" name="m2" finished-at="2023-09-06T12:14:09 IST" duration-ms="2" status="PASS">
          <reporter-output>
            <line>
              <![CDATA[i belong to group A and group B]]>
            </line>
          </reporter-output>
        </test-method> <!-- m2 -->
        <test-method signature="m3()[pri:0, instance:Testng.Grouptestng@402bba4f]" started-at="2023-09-06T12:14:09 IST" name="m3" finished-at="2023-09-06T12:14:09 IST" duration-ms="2" status="PASS">
          <reporter-output>
            <line>
              <![CDATA[i belong to group B]]>
            </line>
          </reporter-output>
        </test-method> <!-- m3 -->
      </class> <!-- Testng.Grouptestng -->
    </test> <!-- Default test -->
  </suite> <!-- Default suite -->
</testng-results>
